<?xml version="1.0" encoding="UTF-8"?>
<!-- Generated by org.testng.reporters.JUnitReportReporter -->
<testsuite hostname="SYB-LP-ITS-008" failures="0" tests="1" name="pack.class3" time="11.916" errors="0" timestamp="1 Oct 2019 05:35:51 GMT">
  <testcase classname="pack.class3" name="openbrowser" time="11.916"/>
</testsuite> <!-- pack.class3 -->
