<?xml version="1.0" encoding="UTF-8"?>
<!-- Generated by org.testng.reporters.JUnitReportReporter -->
<testsuite hostname="SYB-LP-ITS-008" failures="0" tests="1" name="pack.class1" time="29.871" errors="0" timestamp="1 Oct 2019 05:35:51 GMT">
  <testcase classname="pack.class1" name="openbrowser" time="29.871"/>
</testsuite> <!-- pack.class1 -->
