<?xml version="1.0" encoding="UTF-8"?>
<!-- Generated by org.testng.reporters.JUnitReportReporter -->
<testsuite hostname="SYB-LP-ITS-008" failures="0" tests="1" name="pack.class3" time="13.450" errors="0" timestamp="30 Sep 2019 10:55:56 GMT">
  <testcase classname="pack.class3" name="openbrowser" time="13.450"/>
</testsuite> <!-- pack.class3 -->
